2024-10-29 14:23:18 - INFO - Script started.
2024-10-29 14:23:32 - INFO - Script started.
2024-10-29 14:23:41 - INFO - No dates were processed; Excel file was not updated.
2024-10-29 14:23:41 - INFO - Processing complete.
2024-10-29 14:24:55 - INFO - スクリプトの実行を開始しました。
2024-10-29 14:24:55 - WARNING - 基底フォルダに年フォルダが存在しません: Y:\アスベスト　お客様管理●\★依頼書\★依頼書\2024
2024-10-29 14:24:55 - INFO - スクリプトの処理が完了しました。
2024-10-29 14:42:14 - INFO - スクリプトの実行を開始しました。
2024-10-29 14:42:14 - INFO - 最後に処理した日付をExcelから読み取りました: 2024-10-25
2024-10-29 14:42:14 - INFO - 年フォルダを処理中: Z:\顕微鏡画像\2024年 -> 年: 2024
2024-10-29 14:42:14 - INFO -   月フォルダを処理中: Z:\顕微鏡画像\2024年\11月
2024-10-29 14:42:15 - INFO -     日フォルダを処理中: Z:\顕微鏡画像\2024年\11月\11月5日
2024-10-29 14:42:15 - INFO -       日付を収集しました: 2024-11-05
2024-10-29 14:42:15 - INFO -   月フォルダを処理中: Z:\顕微鏡画像\2024年\10月
2024-10-29 14:42:15 - INFO -     日フォルダを処理中: Z:\顕微鏡画像\2024年\10月\10月31日
2024-10-29 14:42:15 - INFO -       日付を収集しました: 2024-10-31
2024-10-29 14:42:15 - INFO -     日フォルダを処理中: Z:\顕微鏡画像\2024年\10月\10月30日
2024-10-29 14:42:15 - INFO -       日付を収集しました: 2024-10-30
2024-10-29 14:42:15 - INFO -     日フォルダを処理中: Z:\顕微鏡画像\2024年\10月\10月29日
2024-10-29 14:42:15 - INFO -       日付を収集しました: 2024-10-29
2024-10-29 14:42:15 - INFO -     日フォルダを処理中: Z:\顕微鏡画像\2024年\10月\10月28日
2024-10-29 14:42:15 - INFO -       日付を収集しました: 2024-10-28
2024-10-29 14:42:15 - INFO -     日フォルダを処理中: Z:\顕微鏡画像\2024年\10月\10月25日
2024-10-29 14:42:15 - INFO -       探索開始日付に達したため、これ以降のフォルダの探索を停止します。: 2024-10-25
2024-10-29 14:42:15 - INFO - スクリプトの処理が完了しました。
